--------- beginning of crash
03-23 23:36:15.525  8389  8389 E AndroidRuntime: FATAL EXCEPTION: main
03-23 23:36:15.525  8389  8389 E AndroidRuntime: Process: com.example.nutritionapp, PID: 8389
03-23 23:36:15.525  8389  8389 E AndroidRuntime: java.lang.RuntimeException: Unable to instantiate application com.example.nutritionapp.NutritionApplication package com.example.nutritionapp: java.lang.ClassNotFoundException: Didn't find class "com.example.nutritionapp.NutritionApplication" on path: DexPathList[[zip file "/data/app/~~mj7bhAOvR2pXkbNEQ66uhA==/com.example.nutritionapp-Pz-Kol93lOQYBNe7DqgKPg==/base.apk"],nativeLibraryDirectories=[/data/app/~~mj7bhAOvR2pXkbNEQ66uhA==/com.example.nutritionapp-Pz-Kol93lOQYBNe7DqgKPg==/lib/x86_64, /data/app/~~mj7bhAOvR2pXkbNEQ66uhA==/com.example.nutritionapp-Pz-Kol93lOQYBNe7DqgKPg==/base.apk!/lib/x86_64, /system/lib64, /system_ext/lib64]]
03-23 23:36:15.525  8389  8389 E AndroidRuntime: 	at android.app.LoadedApk.makeApplicationInner(LoadedApk.java:1486)
03-23 23:36:15.525  8389  8389 E AndroidRuntime: 	at android.app.LoadedApk.makeApplicationInner(LoadedApk.java:1411)
03-23 23:36:15.525  8389  8389 E AndroidRuntime: 	at android.app.ActivityThread.handleBindApplication(ActivityThread.java:7790)
03-23 23:36:15.525  8389  8389 E AndroidRuntime: 	at android.app.ActivityThread.-$$Nest$mhandleBindApplication(Unknown Source:0)
03-23 23:36:15.525  8389  8389 E AndroidRuntime: 	at android.app.ActivityThread$H.handleMessage(ActivityThread.java:2546)
03-23 23:36:15.525  8389  8389 E AndroidRuntime: 	at android.os.Handler.dispatchMessage(Handler.java:110)
03-23 23:36:15.525  8389  8389 E AndroidRuntime: 	at android.os.Looper.loopOnce(Looper.java:248)
03-23 23:36:15.525  8389  8389 E AndroidRuntime: 	at android.os.Looper.loop(Looper.java:338)
03-23 23:36:15.525  8389  8389 E AndroidRuntime: 	at android.app.ActivityThread.main(ActivityThread.java:9067)
03-23 23:36:15.525  8389  8389 E AndroidRuntime: 	at java.lang.reflect.Method.invoke(Native Method)
03-23 23:36:15.525  8389  8389 E AndroidRuntime: 	at com.android.internal.os.RuntimeInit$MethodAndArgsCaller.run(RuntimeInit.java:593)
03-23 23:36:15.525  8389  8389 E AndroidRuntime: 	at com.android.internal.os.ZygoteInit.main(ZygoteInit.java:932)
03-23 23:36:15.525  8389  8389 E AndroidRuntime: Caused by: java.lang.ClassNotFoundException: Didn't find class "com.example.nutritionapp.NutritionApplication" on path: DexPathList[[zip file "/data/app/~~mj7bhAOvR2pXkbNEQ66uhA==/com.example.nutritionapp-Pz-Kol93lOQYBNe7DqgKPg==/base.apk"],nativeLibraryDirectories=[/data/app/~~mj7bhAOvR2pXkbNEQ66uhA==/com.example.nutritionapp-Pz-Kol93lOQYBNe7DqgKPg==/lib/x86_64, /data/app/~~mj7bhAOvR2pXkbNEQ66uhA==/com.example.nutritionapp-Pz-Kol93lOQYBNe7DqgKPg==/base.apk!/lib/x86_64, /system/lib64, /system_ext/lib64]]
03-23 23:36:15.525  8389  8389 E AndroidRuntime: 	at dalvik.system.BaseDexClassLoader.findClass(BaseDexClassLoader.java:259)
03-23 23:36:15.525  8389  8389 E AndroidRuntime: 	at java.lang.ClassLoader.loadClass(ClassLoader.java:637)
03-23 23:36:15.525  8389  8389 E AndroidRuntime: 	at java.lang.ClassLoader.loadClass(ClassLoader.java:573)
03-23 23:36:15.525  8389  8389 E AndroidRuntime: 	at android.app.AppComponentFactory.instantiateApplication(AppComponentFactory.java:76)
03-23 23:36:15.525  8389  8389 E AndroidRuntime: 	at androidx.core.app.CoreComponentFactory.instantiateApplication(CoreComponentFactory.java:51)
03-23 23:36:15.525  8389  8389 E AndroidRuntime: 	at android.app.Instrumentation.newApplication(Instrumentation.java:1347)
03-23 23:36:15.525  8389  8389 E AndroidRuntime: 	at android.app.LoadedApk.makeApplicationInner(LoadedApk.java:1479)
03-23 23:36:15.525  8389  8389 E AndroidRuntime: 	... 11 more
03-23 23:36:35.558  8499  8499 E AndroidRuntime: FATAL EXCEPTION: main
03-23 23:36:35.558  8499  8499 E AndroidRuntime: Process: com.example.nutritionapp, PID: 8499
03-23 23:36:35.558  8499  8499 E AndroidRuntime: java.lang.RuntimeException: Unable to instantiate application com.example.nutritionapp.NutritionApplication package com.example.nutritionapp: java.lang.ClassNotFoundException: Didn't find class "com.example.nutritionapp.NutritionApplication" on path: DexPathList[[zip file "/data/app/~~mj7bhAOvR2pXkbNEQ66uhA==/com.example.nutritionapp-Pz-Kol93lOQYBNe7DqgKPg==/base.apk"],nativeLibraryDirectories=[/data/app/~~mj7bhAOvR2pXkbNEQ66uhA==/com.example.nutritionapp-Pz-Kol93lOQYBNe7DqgKPg==/lib/x86_64, /data/app/~~mj7bhAOvR2pXkbNEQ66uhA==/com.example.nutritionapp-Pz-Kol93lOQYBNe7DqgKPg==/base.apk!/lib/x86_64, /system/lib64, /system_ext/lib64]]
03-23 23:36:35.558  8499  8499 E AndroidRuntime: 	at android.app.LoadedApk.makeApplicationInner(LoadedApk.java:1486)
03-23 23:36:35.558  8499  8499 E AndroidRuntime: 	at android.app.LoadedApk.makeApplicationInner(LoadedApk.java:1411)
03-23 23:36:35.558  8499  8499 E AndroidRuntime: 	at android.app.ActivityThread.handleBindApplication(ActivityThread.java:7790)
03-23 23:36:35.558  8499  8499 E AndroidRuntime: 	at android.app.ActivityThread.-$$Nest$mhandleBindApplication(Unknown Source:0)
03-23 23:36:35.558  8499  8499 E AndroidRuntime: 	at android.app.ActivityThread$H.handleMessage(ActivityThread.java:2546)
03-23 23:36:35.558  8499  8499 E AndroidRuntime: 	at android.os.Handler.dispatchMessage(Handler.java:110)
03-23 23:36:35.558  8499  8499 E AndroidRuntime: 	at android.os.Looper.loopOnce(Looper.java:248)
03-23 23:36:35.558  8499  8499 E AndroidRuntime: 	at android.os.Looper.loop(Looper.java:338)
03-23 23:36:35.558  8499  8499 E AndroidRuntime: 	at android.app.ActivityThread.main(ActivityThread.java:9067)
03-23 23:36:35.558  8499  8499 E AndroidRuntime: 	at java.lang.reflect.Method.invoke(Native Method)
03-23 23:36:35.558  8499  8499 E AndroidRuntime: 	at com.android.internal.os.RuntimeInit$MethodAndArgsCaller.run(RuntimeInit.java:593)
03-23 23:36:35.558  8499  8499 E AndroidRuntime: 	at com.android.internal.os.ZygoteInit.main(ZygoteInit.java:932)
03-23 23:36:35.558  8499  8499 E AndroidRuntime: Caused by: java.lang.ClassNotFoundException: Didn't find class "com.example.nutritionapp.NutritionApplication" on path: DexPathList[[zip file "/data/app/~~mj7bhAOvR2pXkbNEQ66uhA==/com.example.nutritionapp-Pz-Kol93lOQYBNe7DqgKPg==/base.apk"],nativeLibraryDirectories=[/data/app/~~mj7bhAOvR2pXkbNEQ66uhA==/com.example.nutritionapp-Pz-Kol93lOQYBNe7DqgKPg==/lib/x86_64, /data/app/~~mj7bhAOvR2pXkbNEQ66uhA==/com.example.nutritionapp-Pz-Kol93lOQYBNe7DqgKPg==/base.apk!/lib/x86_64, /system/lib64, /system_ext/lib64]]
03-23 23:36:35.558  8499  8499 E AndroidRuntime: 	at dalvik.system.BaseDexClassLoader.findClass(BaseDexClassLoader.java:259)
03-23 23:36:35.558  8499  8499 E AndroidRuntime: 	at java.lang.ClassLoader.loadClass(ClassLoader.java:637)
03-23 23:36:35.558  8499  8499 E AndroidRuntime: 	at java.lang.ClassLoader.loadClass(ClassLoader.java:573)
03-23 23:36:35.558  8499  8499 E AndroidRuntime: 	at android.app.AppComponentFactory.instantiateApplication(AppComponentFactory.java:76)
03-23 23:36:35.558  8499  8499 E AndroidRuntime: 	at androidx.core.app.CoreComponentFactory.instantiateApplication(CoreComponentFactory.java:51)
03-23 23:36:35.558  8499  8499 E AndroidRuntime: 	at android.app.Instrumentation.newApplication(Instrumentation.java:1347)
03-23 23:36:35.558  8499  8499 E AndroidRuntime: 	at android.app.LoadedApk.makeApplicationInner(LoadedApk.java:1479)
03-23 23:36:35.558  8499  8499 E AndroidRuntime: 	... 11 more
03-23 23:36:59.088  8569  8569 E AndroidRuntime: FATAL EXCEPTION: main
03-23 23:36:59.088  8569  8569 E AndroidRuntime: Process: com.example.nutritionapp, PID: 8569
03-23 23:36:59.088  8569  8569 E AndroidRuntime: java.lang.RuntimeException: Unable to instantiate application com.example.nutritionapp.NutritionApplication package com.example.nutritionapp: java.lang.ClassNotFoundException: Didn't find class "com.example.nutritionapp.NutritionApplication" on path: DexPathList[[zip file "/data/app/~~mj7bhAOvR2pXkbNEQ66uhA==/com.example.nutritionapp-Pz-Kol93lOQYBNe7DqgKPg==/base.apk"],nativeLibraryDirectories=[/data/app/~~mj7bhAOvR2pXkbNEQ66uhA==/com.example.nutritionapp-Pz-Kol93lOQYBNe7DqgKPg==/lib/x86_64, /data/app/~~mj7bhAOvR2pXkbNEQ66uhA==/com.example.nutritionapp-Pz-Kol93lOQYBNe7DqgKPg==/base.apk!/lib/x86_64, /system/lib64, /system_ext/lib64]]
03-23 23:36:59.088  8569  8569 E AndroidRuntime: 	at android.app.LoadedApk.makeApplicationInner(LoadedApk.java:1486)
03-23 23:36:59.088  8569  8569 E AndroidRuntime: 	at android.app.LoadedApk.makeApplicationInner(LoadedApk.java:1411)
03-23 23:36:59.088  8569  8569 E AndroidRuntime: 	at android.app.ActivityThread.handleBindApplication(ActivityThread.java:7790)
03-23 23:36:59.088  8569  8569 E AndroidRuntime: 	at android.app.ActivityThread.-$$Nest$mhandleBindApplication(Unknown Source:0)
03-23 23:36:59.088  8569  8569 E AndroidRuntime: 	at android.app.ActivityThread$H.handleMessage(ActivityThread.java:2546)
03-23 23:36:59.088  8569  8569 E AndroidRuntime: 	at android.os.Handler.dispatchMessage(Handler.java:110)
03-23 23:36:59.088  8569  8569 E AndroidRuntime: 	at android.os.Looper.loopOnce(Looper.java:248)
03-23 23:36:59.088  8569  8569 E AndroidRuntime: 	at android.os.Looper.loop(Looper.java:338)
03-23 23:36:59.088  8569  8569 E AndroidRuntime: 	at android.app.ActivityThread.main(ActivityThread.java:9067)
03-23 23:36:59.088  8569  8569 E AndroidRuntime: 	at java.lang.reflect.Method.invoke(Native Method)
03-23 23:36:59.088  8569  8569 E AndroidRuntime: 	at com.android.internal.os.RuntimeInit$MethodAndArgsCaller.run(RuntimeInit.java:593)
03-23 23:36:59.088  8569  8569 E AndroidRuntime: 	at com.android.internal.os.ZygoteInit.main(ZygoteInit.java:932)
03-23 23:36:59.088  8569  8569 E AndroidRuntime: Caused by: java.lang.ClassNotFoundException: Didn't find class "com.example.nutritionapp.NutritionApplication" on path: DexPathList[[zip file "/data/app/~~mj7bhAOvR2pXkbNEQ66uhA==/com.example.nutritionapp-Pz-Kol93lOQYBNe7DqgKPg==/base.apk"],nativeLibraryDirectories=[/data/app/~~mj7bhAOvR2pXkbNEQ66uhA==/com.example.nutritionapp-Pz-Kol93lOQYBNe7DqgKPg==/lib/x86_64, /data/app/~~mj7bhAOvR2pXkbNEQ66uhA==/com.example.nutritionapp-Pz-Kol93lOQYBNe7DqgKPg==/base.apk!/lib/x86_64, /system/lib64, /system_ext/lib64]]
03-23 23:36:59.088  8569  8569 E AndroidRuntime: 	at dalvik.system.BaseDexClassLoader.findClass(BaseDexClassLoader.java:259)
03-23 23:36:59.088  8569  8569 E AndroidRuntime: 	at java.lang.ClassLoader.loadClass(ClassLoader.java:637)
03-23 23:36:59.088  8569  8569 E AndroidRuntime: 	at java.lang.ClassLoader.loadClass(ClassLoader.java:573)
03-23 23:36:59.088  8569  8569 E AndroidRuntime: 	at android.app.AppComponentFactory.instantiateApplication(AppComponentFactory.java:76)
03-23 23:36:59.088  8569  8569 E AndroidRuntime: 	at androidx.core.app.CoreComponentFactory.instantiateApplication(CoreComponentFactory.java:51)
03-23 23:36:59.088  8569  8569 E AndroidRuntime: 	at android.app.Instrumentation.newApplication(Instrumentation.java:1347)
03-23 23:36:59.088  8569  8569 E AndroidRuntime: 	at android.app.LoadedApk.makeApplicationInner(LoadedApk.java:1479)
03-23 23:36:59.088  8569  8569 E AndroidRuntime: 	... 11 more
03-23 23:37:10.733  8618  8618 E AndroidRuntime: FATAL EXCEPTION: main
03-23 23:37:10.733  8618  8618 E AndroidRuntime: Process: com.example.nutritionapp, PID: 8618
03-23 23:37:10.733  8618  8618 E AndroidRuntime: java.lang.RuntimeException: Unable to instantiate application com.example.nutritionapp.NutritionApplication package com.example.nutritionapp: java.lang.ClassNotFoundException: Didn't find class "com.example.nutritionapp.NutritionApplication" on path: DexPathList[[zip file "/data/app/~~mj7bhAOvR2pXkbNEQ66uhA==/com.example.nutritionapp-Pz-Kol93lOQYBNe7DqgKPg==/base.apk"],nativeLibraryDirectories=[/data/app/~~mj7bhAOvR2pXkbNEQ66uhA==/com.example.nutritionapp-Pz-Kol93lOQYBNe7DqgKPg==/lib/x86_64, /data/app/~~mj7bhAOvR2pXkbNEQ66uhA==/com.example.nutritionapp-Pz-Kol93lOQYBNe7DqgKPg==/base.apk!/lib/x86_64, /system/lib64, /system_ext/lib64]]
03-23 23:37:10.733  8618  8618 E AndroidRuntime: 	at android.app.LoadedApk.makeApplicationInner(LoadedApk.java:1486)
03-23 23:37:10.733  8618  8618 E AndroidRuntime: 	at android.app.LoadedApk.makeApplicationInner(LoadedApk.java:1411)
03-23 23:37:10.733  8618  8618 E AndroidRuntime: 	at android.app.ActivityThread.handleBindApplication(ActivityThread.java:7790)
03-23 23:37:10.733  8618  8618 E AndroidRuntime: 	at android.app.ActivityThread.-$$Nest$mhandleBindApplication(Unknown Source:0)
03-23 23:37:10.733  8618  8618 E AndroidRuntime: 	at android.app.ActivityThread$H.handleMessage(ActivityThread.java:2546)
03-23 23:37:10.733  8618  8618 E AndroidRuntime: 	at android.os.Handler.dispatchMessage(Handler.java:110)
03-23 23:37:10.733  8618  8618 E AndroidRuntime: 	at android.os.Looper.loopOnce(Looper.java:248)
03-23 23:37:10.733  8618  8618 E AndroidRuntime: 	at android.os.Looper.loop(Looper.java:338)
03-23 23:37:10.733  8618  8618 E AndroidRuntime: 	at android.app.ActivityThread.main(ActivityThread.java:9067)
03-23 23:37:10.733  8618  8618 E AndroidRuntime: 	at java.lang.reflect.Method.invoke(Native Method)
03-23 23:37:10.733  8618  8618 E AndroidRuntime: 	at com.android.internal.os.RuntimeInit$MethodAndArgsCaller.run(RuntimeInit.java:593)
03-23 23:37:10.733  8618  8618 E AndroidRuntime: 	at com.android.internal.os.ZygoteInit.main(ZygoteInit.java:932)
03-23 23:37:10.733  8618  8618 E AndroidRuntime: Caused by: java.lang.ClassNotFoundException: Didn't find class "com.example.nutritionapp.NutritionApplication" on path: DexPathList[[zip file "/data/app/~~mj7bhAOvR2pXkbNEQ66uhA==/com.example.nutritionapp-Pz-Kol93lOQYBNe7DqgKPg==/base.apk"],nativeLibraryDirectories=[/data/app/~~mj7bhAOvR2pXkbNEQ66uhA==/com.example.nutritionapp-Pz-Kol93lOQYBNe7DqgKPg==/lib/x86_64, /data/app/~~mj7bhAOvR2pXkbNEQ66uhA==/com.example.nutritionapp-Pz-Kol93lOQYBNe7DqgKPg==/base.apk!/lib/x86_64, /system/lib64, /system_ext/lib64]]
03-23 23:37:10.733  8618  8618 E AndroidRuntime: 	at dalvik.system.BaseDexClassLoader.findClass(BaseDexClassLoader.java:259)
03-23 23:37:10.733  8618  8618 E AndroidRuntime: 	at java.lang.ClassLoader.loadClass(ClassLoader.java:637)
03-23 23:37:10.733  8618  8618 E AndroidRuntime: 	at java.lang.ClassLoader.loadClass(ClassLoader.java:573)
03-23 23:37:10.733  8618  8618 E AndroidRuntime: 	at android.app.AppComponentFactory.instantiateApplication(AppComponentFactory.java:76)
03-23 23:37:10.733  8618  8618 E AndroidRuntime: 	at androidx.core.app.CoreComponentFactory.instantiateApplication(CoreComponentFactory.java:51)
03-23 23:37:10.733  8618  8618 E AndroidRuntime: 	at android.app.Instrumentation.newApplication(Instrumentation.java:1347)
03-23 23:37:10.733  8618  8618 E AndroidRuntime: 	at android.app.LoadedApk.makeApplicationInner(LoadedApk.java:1479)
03-23 23:37:10.733  8618  8618 E AndroidRuntime: 	... 11 more
03-23 23:37:17.529  8643  8643 E AndroidRuntime: FATAL EXCEPTION: main
03-23 23:37:17.529  8643  8643 E AndroidRuntime: Process: com.example.nutritionapp, PID: 8643
03-23 23:37:17.529  8643  8643 E AndroidRuntime: java.lang.RuntimeException: Unable to instantiate application com.example.nutritionapp.NutritionApplication package com.example.nutritionapp: java.lang.ClassNotFoundException: Didn't find class "com.example.nutritionapp.NutritionApplication" on path: DexPathList[[zip file "/data/app/~~mj7bhAOvR2pXkbNEQ66uhA==/com.example.nutritionapp-Pz-Kol93lOQYBNe7DqgKPg==/base.apk"],nativeLibraryDirectories=[/data/app/~~mj7bhAOvR2pXkbNEQ66uhA==/com.example.nutritionapp-Pz-Kol93lOQYBNe7DqgKPg==/lib/x86_64, /data/app/~~mj7bhAOvR2pXkbNEQ66uhA==/com.example.nutritionapp-Pz-Kol93lOQYBNe7DqgKPg==/base.apk!/lib/x86_64, /system/lib64, /system_ext/lib64]]
03-23 23:37:17.529  8643  8643 E AndroidRuntime: 	at android.app.LoadedApk.makeApplicationInner(LoadedApk.java:1486)
03-23 23:37:17.529  8643  8643 E AndroidRuntime: 	at android.app.LoadedApk.makeApplicationInner(LoadedApk.java:1411)
03-23 23:37:17.529  8643  8643 E AndroidRuntime: 	at android.app.ActivityThread.handleBindApplication(ActivityThread.java:7790)
03-23 23:37:17.529  8643  8643 E AndroidRuntime: 	at android.app.ActivityThread.-$$Nest$mhandleBindApplication(Unknown Source:0)
03-23 23:37:17.529  8643  8643 E AndroidRuntime: 	at android.app.ActivityThread$H.handleMessage(ActivityThread.java:2546)
03-23 23:37:17.529  8643  8643 E AndroidRuntime: 	at android.os.Handler.dispatchMessage(Handler.java:110)
03-23 23:37:17.529  8643  8643 E AndroidRuntime: 	at android.os.Looper.loopOnce(Looper.java:248)
03-23 23:37:17.529  8643  8643 E AndroidRuntime: 	at android.os.Looper.loop(Looper.java:338)
03-23 23:37:17.529  8643  8643 E AndroidRuntime: 	at android.app.ActivityThread.main(ActivityThread.java:9067)
03-23 23:37:17.529  8643  8643 E AndroidRuntime: 	at java.lang.reflect.Method.invoke(Native Method)
03-23 23:37:17.529  8643  8643 E AndroidRuntime: 	at com.android.internal.os.RuntimeInit$MethodAndArgsCaller.run(RuntimeInit.java:593)
03-23 23:37:17.529  8643  8643 E AndroidRuntime: 	at com.android.internal.os.ZygoteInit.main(ZygoteInit.java:932)
03-23 23:37:17.529  8643  8643 E AndroidRuntime: Caused by: java.lang.ClassNotFoundException: Didn't find class "com.example.nutritionapp.NutritionApplication" on path: DexPathList[[zip file "/data/app/~~mj7bhAOvR2pXkbNEQ66uhA==/com.example.nutritionapp-Pz-Kol93lOQYBNe7DqgKPg==/base.apk"],nativeLibraryDirectories=[/data/app/~~mj7bhAOvR2pXkbNEQ66uhA==/com.example.nutritionapp-Pz-Kol93lOQYBNe7DqgKPg==/lib/x86_64, /data/app/~~mj7bhAOvR2pXkbNEQ66uhA==/com.example.nutritionapp-Pz-Kol93lOQYBNe7DqgKPg==/base.apk!/lib/x86_64, /system/lib64, /system_ext/lib64]]
03-23 23:37:17.529  8643  8643 E AndroidRuntime: 	at dalvik.system.BaseDexClassLoader.findClass(BaseDexClassLoader.java:259)
03-23 23:37:17.529  8643  8643 E AndroidRuntime: 	at java.lang.ClassLoader.loadClass(ClassLoader.java:637)
03-23 23:37:17.529  8643  8643 E AndroidRuntime: 	at java.lang.ClassLoader.loadClass(ClassLoader.java:573)
03-23 23:37:17.529  8643  8643 E AndroidRuntime: 	at android.app.AppComponentFactory.instantiateApplication(AppComponentFactory.java:76)
03-23 23:37:17.529  8643  8643 E AndroidRuntime: 	at androidx.core.app.CoreComponentFactory.instantiateApplication(CoreComponentFactory.java:51)
03-23 23:37:17.529  8643  8643 E AndroidRuntime: 	at android.app.Instrumentation.newApplication(Instrumentation.java:1347)
03-23 23:37:17.529  8643  8643 E AndroidRuntime: 	at android.app.LoadedApk.makeApplicationInner(LoadedApk.java:1479)
03-23 23:37:17.529  8643  8643 E AndroidRuntime: 	... 11 more
03-23 23:37:19.851  8663  8663 E AndroidRuntime: FATAL EXCEPTION: main
03-23 23:37:19.851  8663  8663 E AndroidRuntime: Process: com.example.nutritionapp, PID: 8663
03-23 23:37:19.851  8663  8663 E AndroidRuntime: java.lang.RuntimeException: Unable to instantiate application com.example.nutritionapp.NutritionApplication package com.example.nutritionapp: java.lang.ClassNotFoundException: Didn't find class "com.example.nutritionapp.NutritionApplication" on path: DexPathList[[zip file "/data/app/~~mj7bhAOvR2pXkbNEQ66uhA==/com.example.nutritionapp-Pz-Kol93lOQYBNe7DqgKPg==/base.apk"],nativeLibraryDirectories=[/data/app/~~mj7bhAOvR2pXkbNEQ66uhA==/com.example.nutritionapp-Pz-Kol93lOQYBNe7DqgKPg==/lib/x86_64, /data/app/~~mj7bhAOvR2pXkbNEQ66uhA==/com.example.nutritionapp-Pz-Kol93lOQYBNe7DqgKPg==/base.apk!/lib/x86_64, /system/lib64, /system_ext/lib64]]
03-23 23:37:19.851  8663  8663 E AndroidRuntime: 	at android.app.LoadedApk.makeApplicationInner(LoadedApk.java:1486)
03-23 23:37:19.851  8663  8663 E AndroidRuntime: 	at android.app.LoadedApk.makeApplicationInner(LoadedApk.java:1411)
03-23 23:37:19.851  8663  8663 E AndroidRuntime: 	at android.app.ActivityThread.handleBindApplication(ActivityThread.java:7790)
03-23 23:37:19.851  8663  8663 E AndroidRuntime: 	at android.app.ActivityThread.-$$Nest$mhandleBindApplication(Unknown Source:0)
03-23 23:37:19.851  8663  8663 E AndroidRuntime: 	at android.app.ActivityThread$H.handleMessage(ActivityThread.java:2546)
03-23 23:37:19.851  8663  8663 E AndroidRuntime: 	at android.os.Handler.dispatchMessage(Handler.java:110)
03-23 23:37:19.851  8663  8663 E AndroidRuntime: 	at android.os.Looper.loopOnce(Looper.java:248)
03-23 23:37:19.851  8663  8663 E AndroidRuntime: 	at android.os.Looper.loop(Looper.java:338)
03-23 23:37:19.851  8663  8663 E AndroidRuntime: 	at android.app.ActivityThread.main(ActivityThread.java:9067)
03-23 23:37:19.851  8663  8663 E AndroidRuntime: 	at java.lang.reflect.Method.invoke(Native Method)
03-23 23:37:19.851  8663  8663 E AndroidRuntime: 	at com.android.internal.os.RuntimeInit$MethodAndArgsCaller.run(RuntimeInit.java:593)
03-23 23:37:19.851  8663  8663 E AndroidRuntime: 	at com.android.internal.os.ZygoteInit.main(ZygoteInit.java:932)
03-23 23:37:19.851  8663  8663 E AndroidRuntime: Caused by: java.lang.ClassNotFoundException: Didn't find class "com.example.nutritionapp.NutritionApplication" on path: DexPathList[[zip file "/data/app/~~mj7bhAOvR2pXkbNEQ66uhA==/com.example.nutritionapp-Pz-Kol93lOQYBNe7DqgKPg==/base.apk"],nativeLibraryDirectories=[/data/app/~~mj7bhAOvR2pXkbNEQ66uhA==/com.example.nutritionapp-Pz-Kol93lOQYBNe7DqgKPg==/lib/x86_64, /data/app/~~mj7bhAOvR2pXkbNEQ66uhA==/com.example.nutritionapp-Pz-Kol93lOQYBNe7DqgKPg==/base.apk!/lib/x86_64, /system/lib64, /system_ext/lib64]]
03-23 23:37:19.851  8663  8663 E AndroidRuntime: 	at dalvik.system.BaseDexClassLoader.findClass(BaseDexClassLoader.java:259)
03-23 23:37:19.851  8663  8663 E AndroidRuntime: 	at java.lang.ClassLoader.loadClass(ClassLoader.java:637)
03-23 23:37:19.851  8663  8663 E AndroidRuntime: 	at java.lang.ClassLoader.loadClass(ClassLoader.java:573)
03-23 23:37:19.851  8663  8663 E AndroidRuntime: 	at android.app.AppComponentFactory.instantiateApplication(AppComponentFactory.java:76)
03-23 23:37:19.851  8663  8663 E AndroidRuntime: 	at androidx.core.app.CoreComponentFactory.instantiateApplication(CoreComponentFactory.java:51)
03-23 23:37:19.851  8663  8663 E AndroidRuntime: 	at android.app.Instrumentation.newApplication(Instrumentation.java:1347)
03-23 23:37:19.851  8663  8663 E AndroidRuntime: 	at android.app.LoadedApk.makeApplicationInner(LoadedApk.java:1479)
03-23 23:37:19.851  8663  8663 E AndroidRuntime: 	... 11 more
03-23 23:37:37.392  8710  8710 E AndroidRuntime: FATAL EXCEPTION: main
03-23 23:37:37.392  8710  8710 E AndroidRuntime: Process: com.example.nutritionapp, PID: 8710
03-23 23:37:37.392  8710  8710 E AndroidRuntime: java.lang.RuntimeException: Unable to instantiate application com.example.nutritionapp.NutritionApplication package com.example.nutritionapp: java.lang.ClassNotFoundException: Didn't find class "com.example.nutritionapp.NutritionApplication" on path: DexPathList[[zip file "/data/app/~~mj7bhAOvR2pXkbNEQ66uhA==/com.example.nutritionapp-Pz-Kol93lOQYBNe7DqgKPg==/base.apk"],nativeLibraryDirectories=[/data/app/~~mj7bhAOvR2pXkbNEQ66uhA==/com.example.nutritionapp-Pz-Kol93lOQYBNe7DqgKPg==/lib/x86_64, /data/app/~~mj7bhAOvR2pXkbNEQ66uhA==/com.example.nutritionapp-Pz-Kol93lOQYBNe7DqgKPg==/base.apk!/lib/x86_64, /system/lib64, /system_ext/lib64]]
03-23 23:37:37.392  8710  8710 E AndroidRuntime: 	at android.app.LoadedApk.makeApplicationInner(LoadedApk.java:1486)
03-23 23:37:37.392  8710  8710 E AndroidRuntime: 	at android.app.LoadedApk.makeApplicationInner(LoadedApk.java:1411)
03-23 23:37:37.392  8710  8710 E AndroidRuntime: 	at android.app.ActivityThread.handleBindApplication(ActivityThread.java:7790)
03-23 23:37:37.392  8710  8710 E AndroidRuntime: 	at android.app.ActivityThread.-$$Nest$mhandleBindApplication(Unknown Source:0)
03-23 23:37:37.392  8710  8710 E AndroidRuntime: 	at android.app.ActivityThread$H.handleMessage(ActivityThread.java:2546)
03-23 23:37:37.392  8710  8710 E AndroidRuntime: 	at android.os.Handler.dispatchMessage(Handler.java:110)
03-23 23:37:37.392  8710  8710 E AndroidRuntime: 	at android.os.Looper.loopOnce(Looper.java:248)
03-23 23:37:37.392  8710  8710 E AndroidRuntime: 	at android.os.Looper.loop(Looper.java:338)
03-23 23:37:37.392  8710  8710 E AndroidRuntime: 	at android.app.ActivityThread.main(ActivityThread.java:9067)
03-23 23:37:37.392  8710  8710 E AndroidRuntime: 	at java.lang.reflect.Method.invoke(Native Method)
03-23 23:37:37.392  8710  8710 E AndroidRuntime: 	at com.android.internal.os.RuntimeInit$MethodAndArgsCaller.run(RuntimeInit.java:593)
03-23 23:37:37.392  8710  8710 E AndroidRuntime: 	at com.android.internal.os.ZygoteInit.main(ZygoteInit.java:932)
03-23 23:37:37.392  8710  8710 E AndroidRuntime: Caused by: java.lang.ClassNotFoundException: Didn't find class "com.example.nutritionapp.NutritionApplication" on path: DexPathList[[zip file "/data/app/~~mj7bhAOvR2pXkbNEQ66uhA==/com.example.nutritionapp-Pz-Kol93lOQYBNe7DqgKPg==/base.apk"],nativeLibraryDirectories=[/data/app/~~mj7bhAOvR2pXkbNEQ66uhA==/com.example.nutritionapp-Pz-Kol93lOQYBNe7DqgKPg==/lib/x86_64, /data/app/~~mj7bhAOvR2pXkbNEQ66uhA==/com.example.nutritionapp-Pz-Kol93lOQYBNe7DqgKPg==/base.apk!/lib/x86_64, /system/lib64, /system_ext/lib64]]
03-23 23:37:37.392  8710  8710 E AndroidRuntime: 	at dalvik.system.BaseDexClassLoader.findClass(BaseDexClassLoader.java:259)
03-23 23:37:37.392  8710  8710 E AndroidRuntime: 	at java.lang.ClassLoader.loadClass(ClassLoader.java:637)
03-23 23:37:37.392  8710  8710 E AndroidRuntime: 	at java.lang.ClassLoader.loadClass(ClassLoader.java:573)
03-23 23:37:37.392  8710  8710 E AndroidRuntime: 	at android.app.AppComponentFactory.instantiateApplication(AppComponentFactory.java:76)
03-23 23:37:37.392  8710  8710 E AndroidRuntime: 	at androidx.core.app.CoreComponentFactory.instantiateApplication(CoreComponentFactory.java:51)
03-23 23:37:37.392  8710  8710 E AndroidRuntime: 	at android.app.Instrumentation.newApplication(Instrumentation.java:1347)
03-23 23:37:37.392  8710  8710 E AndroidRuntime: 	at android.app.LoadedApk.makeApplicationInner(LoadedApk.java:1479)
03-23 23:37:37.392  8710  8710 E AndroidRuntime: 	... 11 more
03-23 23:39:46.450  8828  8828 E AndroidRuntime: FATAL EXCEPTION: main
03-23 23:39:46.450  8828  8828 E AndroidRuntime: Process: com.example.nutritionapp, PID: 8828
03-23 23:39:46.450  8828  8828 E AndroidRuntime: java.lang.RuntimeException: Unable to instantiate application com.example.nutritionapp.NutritionApplication package com.example.nutritionapp: java.lang.ClassNotFoundException: Didn't find class "com.example.nutritionapp.NutritionApplication" on path: DexPathList[[zip file "/data/app/~~mj7bhAOvR2pXkbNEQ66uhA==/com.example.nutritionapp-Pz-Kol93lOQYBNe7DqgKPg==/base.apk"],nativeLibraryDirectories=[/data/app/~~mj7bhAOvR2pXkbNEQ66uhA==/com.example.nutritionapp-Pz-Kol93lOQYBNe7DqgKPg==/lib/x86_64, /data/app/~~mj7bhAOvR2pXkbNEQ66uhA==/com.example.nutritionapp-Pz-Kol93lOQYBNe7DqgKPg==/base.apk!/lib/x86_64, /system/lib64, /system_ext/lib64]]
03-23 23:39:46.450  8828  8828 E AndroidRuntime: 	at android.app.LoadedApk.makeApplicationInner(LoadedApk.java:1486)
03-23 23:39:46.450  8828  8828 E AndroidRuntime: 	at android.app.LoadedApk.makeApplicationInner(LoadedApk.java:1411)
03-23 23:39:46.450  8828  8828 E AndroidRuntime: 	at android.app.ActivityThread.handleBindApplication(ActivityThread.java:7790)
03-23 23:39:46.450  8828  8828 E AndroidRuntime: 	at android.app.ActivityThread.-$$Nest$mhandleBindApplication(Unknown Source:0)
03-23 23:39:46.450  8828  8828 E AndroidRuntime: 	at android.app.ActivityThread$H.handleMessage(ActivityThread.java:2546)
03-23 23:39:46.450  8828  8828 E AndroidRuntime: 	at android.os.Handler.dispatchMessage(Handler.java:110)
03-23 23:39:46.450  8828  8828 E AndroidRuntime: 	at android.os.Looper.loopOnce(Looper.java:248)
03-23 23:39:46.450  8828  8828 E AndroidRuntime: 	at android.os.Looper.loop(Looper.java:338)
03-23 23:39:46.450  8828  8828 E AndroidRuntime: 	at android.app.ActivityThread.main(ActivityThread.java:9067)
03-23 23:39:46.450  8828  8828 E AndroidRuntime: 	at java.lang.reflect.Method.invoke(Native Method)
03-23 23:39:46.450  8828  8828 E AndroidRuntime: 	at com.android.internal.os.RuntimeInit$MethodAndArgsCaller.run(RuntimeInit.java:593)
03-23 23:39:46.450  8828  8828 E AndroidRuntime: 	at com.android.internal.os.ZygoteInit.main(ZygoteInit.java:932)
03-23 23:39:46.450  8828  8828 E AndroidRuntime: Caused by: java.lang.ClassNotFoundException: Didn't find class "com.example.nutritionapp.NutritionApplication" on path: DexPathList[[zip file "/data/app/~~mj7bhAOvR2pXkbNEQ66uhA==/com.example.nutritionapp-Pz-Kol93lOQYBNe7DqgKPg==/base.apk"],nativeLibraryDirectories=[/data/app/~~mj7bhAOvR2pXkbNEQ66uhA==/com.example.nutritionapp-Pz-Kol93lOQYBNe7DqgKPg==/lib/x86_64, /data/app/~~mj7bhAOvR2pXkbNEQ66uhA==/com.example.nutritionapp-Pz-Kol93lOQYBNe7DqgKPg==/base.apk!/lib/x86_64, /system/lib64, /system_ext/lib64]]
03-23 23:39:46.450  8828  8828 E AndroidRuntime: 	at dalvik.system.BaseDexClassLoader.findClass(BaseDexClassLoader.java:259)
03-23 23:39:46.450  8828  8828 E AndroidRuntime: 	at java.lang.ClassLoader.loadClass(ClassLoader.java:637)
03-23 23:39:46.450  8828  8828 E AndroidRuntime: 	at java.lang.ClassLoader.loadClass(ClassLoader.java:573)
03-23 23:39:46.450  8828  8828 E AndroidRuntime: 	at android.app.AppComponentFactory.instantiateApplication(AppComponentFactory.java:76)
03-23 23:39:46.450  8828  8828 E AndroidRuntime: 	at androidx.core.app.CoreComponentFactory.instantiateApplication(CoreComponentFactory.java:51)
03-23 23:39:46.450  8828  8828 E AndroidRuntime: 	at android.app.Instrumentation.newApplication(Instrumentation.java:1347)
03-23 23:39:46.450  8828  8828 E AndroidRuntime: 	at android.app.LoadedApk.makeApplicationInner(LoadedApk.java:1479)
03-23 23:39:46.450  8828  8828 E AndroidRuntime: 	... 11 more
03-23 23:46:57.526  9028  9028 E AndroidRuntime: FATAL EXCEPTION: main
03-23 23:46:57.526  9028  9028 E AndroidRuntime: Process: com.example.nutritionapp, PID: 9028
03-23 23:46:57.526  9028  9028 E AndroidRuntime: java.lang.RuntimeException: Unable to instantiate application com.example.nutritionapp.NutritionApplication package com.example.nutritionapp: java.lang.ClassNotFoundException: Didn't find class "com.example.nutritionapp.NutritionApplication" on path: DexPathList[[zip file "/data/app/~~mj7bhAOvR2pXkbNEQ66uhA==/com.example.nutritionapp-Pz-Kol93lOQYBNe7DqgKPg==/base.apk"],nativeLibraryDirectories=[/data/app/~~mj7bhAOvR2pXkbNEQ66uhA==/com.example.nutritionapp-Pz-Kol93lOQYBNe7DqgKPg==/lib/x86_64, /data/app/~~mj7bhAOvR2pXkbNEQ66uhA==/com.example.nutritionapp-Pz-Kol93lOQYBNe7DqgKPg==/base.apk!/lib/x86_64, /system/lib64, /system_ext/lib64]]
03-23 23:46:57.526  9028  9028 E AndroidRuntime: 	at android.app.LoadedApk.makeApplicationInner(LoadedApk.java:1486)
03-23 23:46:57.526  9028  9028 E AndroidRuntime: 	at android.app.LoadedApk.makeApplicationInner(LoadedApk.java:1411)
03-23 23:46:57.526  9028  9028 E AndroidRuntime: 	at android.app.ActivityThread.handleBindApplication(ActivityThread.java:7790)
03-23 23:46:57.526  9028  9028 E AndroidRuntime: 	at android.app.ActivityThread.-$$Nest$mhandleBindApplication(Unknown Source:0)
03-23 23:46:57.526  9028  9028 E AndroidRuntime: 	at android.app.ActivityThread$H.handleMessage(ActivityThread.java:2546)
03-23 23:46:57.526  9028  9028 E AndroidRuntime: 	at android.os.Handler.dispatchMessage(Handler.java:110)
03-23 23:46:57.526  9028  9028 E AndroidRuntime: 	at android.os.Looper.loopOnce(Looper.java:248)
03-23 23:46:57.526  9028  9028 E AndroidRuntime: 	at android.os.Looper.loop(Looper.java:338)
03-23 23:46:57.526  9028  9028 E AndroidRuntime: 	at android.app.ActivityThread.main(ActivityThread.java:9067)
03-23 23:46:57.526  9028  9028 E AndroidRuntime: 	at java.lang.reflect.Method.invoke(Native Method)
03-23 23:46:57.526  9028  9028 E AndroidRuntime: 	at com.android.internal.os.RuntimeInit$MethodAndArgsCaller.run(RuntimeInit.java:593)
03-23 23:46:57.526  9028  9028 E AndroidRuntime: 	at com.android.internal.os.ZygoteInit.main(ZygoteInit.java:932)
03-23 23:46:57.526  9028  9028 E AndroidRuntime: Caused by: java.lang.ClassNotFoundException: Didn't find class "com.example.nutritionapp.NutritionApplication" on path: DexPathList[[zip file "/data/app/~~mj7bhAOvR2pXkbNEQ66uhA==/com.example.nutritionapp-Pz-Kol93lOQYBNe7DqgKPg==/base.apk"],nativeLibraryDirectories=[/data/app/~~mj7bhAOvR2pXkbNEQ66uhA==/com.example.nutritionapp-Pz-Kol93lOQYBNe7DqgKPg==/lib/x86_64, /data/app/~~mj7bhAOvR2pXkbNEQ66uhA==/com.example.nutritionapp-Pz-Kol93lOQYBNe7DqgKPg==/base.apk!/lib/x86_64, /system/lib64, /system_ext/lib64]]
03-23 23:46:57.526  9028  9028 E AndroidRuntime: 	at dalvik.system.BaseDexClassLoader.findClass(BaseDexClassLoader.java:259)
03-23 23:46:57.526  9028  9028 E AndroidRuntime: 	at java.lang.ClassLoader.loadClass(ClassLoader.java:637)
03-23 23:46:57.526  9028  9028 E AndroidRuntime: 	at java.lang.ClassLoader.loadClass(ClassLoader.java:573)
03-23 23:46:57.526  9028  9028 E AndroidRuntime: 	at android.app.AppComponentFactory.instantiateApplication(AppComponentFactory.java:76)
03-23 23:46:57.526  9028  9028 E AndroidRuntime: 	at androidx.core.app.CoreComponentFactory.instantiateApplication(CoreComponentFactory.java:51)
03-23 23:46:57.526  9028  9028 E AndroidRuntime: 	at android.app.Instrumentation.newApplication(Instrumentation.java:1347)
03-23 23:46:57.526  9028  9028 E AndroidRuntime: 	at android.app.LoadedApk.makeApplicationInner(LoadedApk.java:1479)
03-23 23:46:57.526  9028  9028 E AndroidRuntime: 	... 11 more
03-23 23:47:10.254  9060  9060 E AndroidRuntime: FATAL EXCEPTION: main
03-23 23:47:10.254  9060  9060 E AndroidRuntime: Process: com.example.nutritionapp, PID: 9060
03-23 23:47:10.254  9060  9060 E AndroidRuntime: java.lang.RuntimeException: Unable to instantiate application com.example.nutritionapp.NutritionApplication package com.example.nutritionapp: java.lang.ClassNotFoundException: Didn't find class "com.example.nutritionapp.NutritionApplication" on path: DexPathList[[zip file "/data/app/~~mj7bhAOvR2pXkbNEQ66uhA==/com.example.nutritionapp-Pz-Kol93lOQYBNe7DqgKPg==/base.apk"],nativeLibraryDirectories=[/data/app/~~mj7bhAOvR2pXkbNEQ66uhA==/com.example.nutritionapp-Pz-Kol93lOQYBNe7DqgKPg==/lib/x86_64, /data/app/~~mj7bhAOvR2pXkbNEQ66uhA==/com.example.nutritionapp-Pz-Kol93lOQYBNe7DqgKPg==/base.apk!/lib/x86_64, /system/lib64, /system_ext/lib64]]
03-23 23:47:10.254  9060  9060 E AndroidRuntime: 	at android.app.LoadedApk.makeApplicationInner(LoadedApk.java:1486)
03-23 23:47:10.254  9060  9060 E AndroidRuntime: 	at android.app.LoadedApk.makeApplicationInner(LoadedApk.java:1411)
03-23 23:47:10.254  9060  9060 E AndroidRuntime: 	at android.app.ActivityThread.handleBindApplication(ActivityThread.java:7790)
03-23 23:47:10.254  9060  9060 E AndroidRuntime: 	at android.app.ActivityThread.-$$Nest$mhandleBindApplication(Unknown Source:0)
03-23 23:47:10.254  9060  9060 E AndroidRuntime: 	at android.app.ActivityThread$H.handleMessage(ActivityThread.java:2546)
03-23 23:47:10.254  9060  9060 E AndroidRuntime: 	at android.os.Handler.dispatchMessage(Handler.java:110)
03-23 23:47:10.254  9060  9060 E AndroidRuntime: 	at android.os.Looper.loopOnce(Looper.java:248)
03-23 23:47:10.254  9060  9060 E AndroidRuntime: 	at android.os.Looper.loop(Looper.java:338)
03-23 23:47:10.254  9060  9060 E AndroidRuntime: 	at android.app.ActivityThread.main(ActivityThread.java:9067)
03-23 23:47:10.254  9060  9060 E AndroidRuntime: 	at java.lang.reflect.Method.invoke(Native Method)
03-23 23:47:10.254  9060  9060 E AndroidRuntime: 	at com.android.internal.os.RuntimeInit$MethodAndArgsCaller.run(RuntimeInit.java:593)
03-23 23:47:10.254  9060  9060 E AndroidRuntime: 	at com.android.internal.os.ZygoteInit.main(ZygoteInit.java:932)
03-23 23:47:10.254  9060  9060 E AndroidRuntime: Caused by: java.lang.ClassNotFoundException: Didn't find class "com.example.nutritionapp.NutritionApplication" on path: DexPathList[[zip file "/data/app/~~mj7bhAOvR2pXkbNEQ66uhA==/com.example.nutritionapp-Pz-Kol93lOQYBNe7DqgKPg==/base.apk"],nativeLibraryDirectories=[/data/app/~~mj7bhAOvR2pXkbNEQ66uhA==/com.example.nutritionapp-Pz-Kol93lOQYBNe7DqgKPg==/lib/x86_64, /data/app/~~mj7bhAOvR2pXkbNEQ66uhA==/com.example.nutritionapp-Pz-Kol93lOQYBNe7DqgKPg==/base.apk!/lib/x86_64, /system/lib64, /system_ext/lib64]]
03-23 23:47:10.254  9060  9060 E AndroidRuntime: 	at dalvik.system.BaseDexClassLoader.findClass(BaseDexClassLoader.java:259)
03-23 23:47:10.254  9060  9060 E AndroidRuntime: 	at java.lang.ClassLoader.loadClass(ClassLoader.java:637)
03-23 23:47:10.254  9060  9060 E AndroidRuntime: 	at java.lang.ClassLoader.loadClass(ClassLoader.java:573)
03-23 23:47:10.254  9060  9060 E AndroidRuntime: 	at android.app.AppComponentFactory.instantiateApplication(AppComponentFactory.java:76)
03-23 23:47:10.254  9060  9060 E AndroidRuntime: 	at androidx.core.app.CoreComponentFactory.instantiateApplication(CoreComponentFactory.java:51)
03-23 23:47:10.254  9060  9060 E AndroidRuntime: 	at android.app.Instrumentation.newApplication(Instrumentation.java:1347)
03-23 23:47:10.254  9060  9060 E AndroidRuntime: 	at android.app.LoadedApk.makeApplicationInner(LoadedApk.java:1479)
03-23 23:47:10.254  9060  9060 E AndroidRuntime: 	... 11 more
03-24 00:18:37.478  1366  1566 F libc    : Fatal signal 6 (SIGABRT), code -1 (SI_QUEUE) in tid 1566 (bt_stack_manage), pid 1366 (droid.bluetooth)
03-25 22:06:50.702 10066 10066 F DEBUG   : *** *** *** *** *** *** *** *** *** *** *** *** *** *** *** ***
03-25 22:06:50.702 10066 10066 F DEBUG   : Build fingerprint: 'google/sdk_gphone64_x86_64/emu64xa:16/BE2A.250530.026.D1/13818094:user/release-keys'
03-25 22:06:50.702 10066 10066 F DEBUG   : Revision: '0'
03-25 22:06:50.702 10066 10066 F DEBUG   : ABI: 'x86_64'
03-25 22:06:50.702 10066 10066 F DEBUG   : Timestamp: 2026-03-24 00:18:42.872659600+0700
03-25 22:06:50.702 10066 10066 F DEBUG   : Process uptime: 0s
03-25 22:06:50.702 10066 10066 F DEBUG   : Cmdline: com.google.android.bluetooth
03-25 22:06:50.702 10066 10066 F DEBUG   : pid: 1366, tid: 1566, name: bt_stack_manage  >>> com.google.android.bluetooth <<<
03-25 22:06:50.702 10066 10066 F DEBUG   : uid: 1002
03-25 22:06:50.702 10066 10066 F DEBUG   : signal 6 (SIGABRT), code -1 (SI_QUEUE), fault addr --------
03-25 22:06:50.702 10066 10066 F DEBUG   : Abort message: 'system/gd/hci/hci_layer.cc:527 on_hardware_error: Hardware Error Event with code 0x42'
03-25 22:06:50.702 10066 10066 F DEBUG   :     rax 0000000000000000  rbx 0000000000000556  rcx 00007f0654b0c424  rdx 0000000000000006
03-25 22:06:50.702 10066 10066 F DEBUG   :     r8  00007f0317d10560  r9  00007f0317d10560  r10 00007f0317d10520  r11 0000000000000203
03-25 22:06:50.702 10066 10066 F DEBUG   :     r12 00007f0438d0dc40  r13 00007f031809b2b6  r14 000000000000061e  r15 00007f03a5609b98
03-25 22:06:50.702 10066 10066 F DEBUG   :     rdi 0000000000000556  rsi 000000000000061e
03-25 22:06:50.702 10066 10066 F DEBUG   :     rbp 00007f0317d105c0  rsp 00007f0317d10520  rip 00007f0654b0c424
03-25 22:06:50.702 10066 10066 F DEBUG   : 14 total frames
03-25 22:06:50.702 10066 10066 F DEBUG   : backtrace:
03-25 22:06:50.702 10066 10066 F DEBUG   :       #00 pc 000000000006a424  /apex/com.android.runtime/lib64/bionic/libc.so (abort+196) (BuildId: fcb82240218d1473de1e3d2137c0be35)
03-25 22:06:50.702 10066 10066 F DEBUG   :       #01 pc 00000000008a60ce  /apex/com.android.art/lib64/libart.so (art::Runtime::Abort(char const*)+1614) (BuildId: 108a321dc93c20580e74b855c407e975)
03-25 22:06:50.702 10066 10066 F DEBUG   :       #02 pc 000000000001644e  /apex/com.android.art/lib64/libbase.so (android::base::SetAborter(std::__1::function<void (char const*)>&&)::$_0::__invoke(char const*)+62) (BuildId: c4bb892a3d26e3710ae5096df0da1dee)
03-25 22:06:50.702 10066 10066 F DEBUG   :       #03 pc 0000000000dce65d  /apex/com.android.bt/lib64/libbluetooth_jni.so (bluetooth::log_internal::vlog(bluetooth::log_internal::Level, char const*, bluetooth::log_internal::source_location, std::__1::basic_string_view<char, std::__1::char_traits<char>>, std::__1::basic_format_args<std::__1::basic_format_context<std::__1::back_insert_iterator<std::__1::__format::__output_buffer<char>>, char>>)+1485) (BuildId: c16243ef3721433bd1d6ea11c9300cf2)
03-25 22:06:50.702 10066 10066 F DEBUG   :       #04 pc 0000000000b39106  /apex/com.android.bt/lib64/libbluetooth_jni.so (void bluetooth::log::fatal<unsigned char>(std::__1::basic_format_string<char, std::__1::type_identity<unsigned char>::type>, unsigned char&&, bluetooth::log_internal::source_location)+118) (BuildId: c16243ef3721433bd1d6ea11c9300cf2)
03-25 22:06:50.702 10066 10066 F DEBUG   :       #05 pc 0000000000b3508a  /apex/com.android.bt/lib64/libbluetooth_jni.so (bluetooth::hci::HciLayer::impl::on_hci_event(bluetooth::hci::EventView)+26202) (BuildId: c16243ef3721433bd1d6ea11c9300cf2)
03-25 22:06:50.702 10066 10066 F DEBUG   :       #06 pc 0000000000b3535e  /apex/com.android.bt/lib64/libbluetooth_jni.so (void base::internal::FunctorTraits<void (bluetooth::hci::HciLayer::impl::*)(bluetooth::hci::EventView), void>::Invoke<void (bluetooth::hci::HciLayer::impl::*)(bluetooth::hci::EventView), bluetooth::hci::HciLayer::impl*, bluetooth::hci::EventView>(void (bluetooth::hci::HciLayer::impl::*)(bluetooth::hci::EventView), bluetooth::hci::HciLayer::impl*&&, bluetooth::hci::EventView&&)+302) (BuildId: c16243ef3721433bd1d6ea11c9300cf2)
03-25 22:06:50.702 10066 10066 F DEBUG   :       #07 pc 0000000000b35214  /apex/com.android.bt/lib64/libbluetooth_jni.so (base::internal::Invoker<base::internal::BindState<void (bluetooth::hci::HciLayer::impl::*)(bluetooth::hci::EventView), base::internal::UnretainedWrapper<bluetooth::hci::HciLayer::impl>, bluetooth::hci::EventView>, void ()>::RunOnce(base::internal::BindStateBase*)+52) (BuildId: c16243ef3721433bd1d6ea11c9300cf2)
03-25 22:06:50.702 10066 10066 F DEBUG   :       #08 pc 0000000000c2c225  /apex/com.android.bt/lib64/libbluetooth_jni.so (bluetooth::os::Handler::handle_next_event()+341) (BuildId: c16243ef3721433bd1d6ea11c9300cf2)
03-25 22:06:50.702 10066 10066 F DEBUG   :       #09 pc 0000000000c3e54b  /apex/com.android.bt/lib64/libbluetooth_jni.so (bluetooth::os::Reactor::Run()+1051) (BuildId: c16243ef3721433bd1d6ea11c9300cf2)
03-25 22:06:50.702 10066 10066 F DEBUG   :       #10 pc 0000000000c3f7f8  /apex/com.android.bt/lib64/libbluetooth_jni.so (bluetooth::os::Thread::run(bluetooth::os::Thread::Priority)+296) (BuildId: c16243ef3721433bd1d6ea11c9300cf2)
03-25 22:06:50.702 10066 10066 F DEBUG   :       #11 pc 0000000000c3f99c  /apex/com.android.bt/lib64/libbluetooth_jni.so (void* std::__1::__thread_proxy[abi:nn200000]<std::__1::tuple<std::__1::unique_ptr<std::__1::__thread_struct, std::__1::default_delete<std::__1::__thread_struct>>, void (bluetooth::os::Thread::*)(bluetooth::os::Thread::Priority), bluetooth::os::Thread*, bluetooth::os::Thread::Priority>>(void*)+60) (BuildId: c16243ef3721433bd1d6ea11c9300cf2)
03-25 22:06:50.702 10066 10066 F DEBUG   :       #12 pc 000000000007ac5f  /apex/com.android.runtime/lib64/bionic/libc.so (__pthread_start(void*)+63) (BuildId: fcb82240218d1473de1e3d2137c0be35)
03-25 22:06:50.705 10066 10066 F DEBUG   :       #13 pc 000000000006d94d  /apex/com.android.runtime/lib64/bionic/libc.so (__start_thread+61) (BuildId: fcb82240218d1473de1e3d2137c0be35)
03-25 22:32:20.931 11580 11580 E AndroidRuntime: FATAL EXCEPTION: main
03-25 22:32:20.931 11580 11580 E AndroidRuntime: Process: com.example.nutritionapp, PID: 11580
03-25 22:32:20.931 11580 11580 E AndroidRuntime: java.lang.NullPointerException: Attempt to invoke interface method 'java.lang.Object kotlinx.coroutines.flow.MutableStateFlow.getValue()' on a null object reference
03-25 22:32:20.931 11580 11580 E AndroidRuntime: 	at com.example.nutritionapp.presentation.search.FoodSearchViewModel.searchFood(FoodSearchViewModel.kt:43)
03-25 22:32:20.931 11580 11580 E AndroidRuntime: 	at com.example.nutritionapp.presentation.search.FoodSearchViewModel.<init>(FoodSearchViewModel.kt:22)
03-25 22:32:20.931 11580 11580 E AndroidRuntime: 	at com.example.nutritionapp.DaggerNutritionApplication_HiltComponents_SingletonC$ViewModelCImpl$SwitchingProvider.get(DaggerNutritionApplication_HiltComponents_SingletonC.java:467)
03-25 22:32:20.931 11580 11580 E AndroidRuntime: 	at dagger.hilt.android.internal.lifecycle.HiltViewModelFactory$2.createViewModel(HiltViewModelFactory.java:132)
03-25 22:32:20.931 11580 11580 E AndroidRuntime: 	at dagger.hilt.android.internal.lifecycle.HiltViewModelFactory$2.create(HiltViewModelFactory.java:103)
03-25 22:32:20.931 11580 11580 E AndroidRuntime: 	at dagger.hilt.android.internal.lifecycle.HiltViewModelFactory.create(HiltViewModelFactory.java:170)
03-25 22:32:20.931 11580 11580 E AndroidRuntime: 	at androidx.lifecycle.ViewModelProvider$Factory.create(ViewModelProvider.android.kt:158)
03-25 22:32:20.931 11580 11580 E AndroidRuntime: 	at androidx.lifecycle.viewmodel.ViewModelProviderImpl_androidKt.createViewModel(ViewModelProviderImpl.android.kt:34)
03-25 22:32:20.931 11580 11580 E AndroidRuntime: 	at androidx.lifecycle.viewmodel.ViewModelProviderImpl.getViewModel$lifecycle_viewmodel_release(ViewModelProviderImpl.kt:65)
03-25 22:32:20.931 11580 11580 E AndroidRuntime: 	at androidx.lifecycle.viewmodel.ViewModelProviderImpl.getViewModel$lifecycle_viewmodel_release$default(ViewModelProviderImpl.kt:47)
03-25 22:32:20.931 11580 11580 E AndroidRuntime: 	at androidx.lifecycle.ViewModelProvider.get(ViewModelProvider.android.kt:91)
03-25 22:32:20.931 11580 11580 E AndroidRuntime: 	at androidx.lifecycle.viewmodel.compose.ViewModelKt__ViewModelKt.get(ViewModel.kt:162)
03-25 22:32:20.931 11580 11580 E AndroidRuntime: 	at androidx.lifecycle.viewmodel.compose.ViewModelKt.get(Unknown Source:1)
03-25 22:32:20.931 11580 11580 E AndroidRuntime: 	at androidx.lifecycle.viewmodel.compose.ViewModelKt__ViewModel_androidKt.viewModel(ViewModel.android.kt:124)
03-25 22:32:20.931 11580 11580 E AndroidRuntime: 	at androidx.lifecycle.viewmodel.compose.ViewModelKt.viewModel(Unknown Source:1)
03-25 22:32:20.931 11580 11580 E AndroidRuntime: 	at com.example.nutritionapp.presentation.search.FoodSearchScreenKt.FoodSearchScreen(FoodSearchScreen.kt:174)
03-25 22:32:20.931 11580 11580 E AndroidRuntime: 	at com.example.nutritionapp.ComposableSingletons$MainActivityKt$lambda-1$1$1$1$2.invoke(MainActivity.kt:36)
03-25 22:32:20.931 11580 11580 E AndroidRuntime: 	at com.example.nutritionapp.ComposableSingletons$MainActivityKt$lambda-1$1$1$1$2.invoke(MainActivity.kt:35)
03-25 22:32:20.931 11580 11580 E AndroidRuntime: 	at androidx.compose.runtime.internal.ComposableLambdaImpl.invoke(ComposableLambda.jvm.kt:139)
03-25 22:32:20.931 11580 11580 E AndroidRuntime: 	at androidx.compose.runtime.internal.ComposableLambdaImpl.invoke(ComposableLambda.jvm.kt:35)
03-25 22:32:20.931 11580 11580 E AndroidRuntime: 	at androidx.navigation.compose.NavHostKt$NavHost$32$1.invoke(NavHost.kt:703)
03-25 22:32:20.931 11580 11580 E AndroidRuntime: 	at androidx.navigation.compose.NavHostKt$NavHost$32$1.invoke(NavHost.kt:702)
03-25 22:32:20.931 11580 11580 E AndroidRuntime: 	at androidx.compose.runtime.internal.ComposableLambdaImpl.invoke(ComposableLambda.jvm.kt:109)
03-25 22:32:20.931 11580 11580 E AndroidRuntime: 	at androidx.compose.runtime.internal.ComposableLambdaImpl.invoke(ComposableLambda.jvm.kt:35)
03-25 22:32:20.931 11580 11580 E AndroidRuntime: 	at androidx.compose.runtime.CompositionLocalKt.CompositionLocalProvider(CompositionLocal.kt:401)
03-25 22:32:20.931 11580 11580 E AndroidRuntime: 	at androidx.compose.runtime.saveable.SaveableStateHolderImpl.SaveableStateProvider(SaveableStateHolder.kt:85)
03-25 22:32:20.931 11580 11580 E AndroidRuntime: 	at androidx.navigation.compose.NavBackStackEntryProviderKt.SaveableStateProvider(NavBackStackEntryProvider.kt:65)
03-25 22:32:20.931 11580 11580 E AndroidRuntime: 	at androidx.navigation.compose.NavBackStackEntryProviderKt.access$SaveableStateProvider(NavBackStackEntryProvider.kt:1)
03-25 22:32:20.931 11580 11580 E AndroidRuntime: 	at androidx.navigation.compose.NavBackStackEntryProviderKt$LocalOwnersProvider$1.invoke(NavBackStackEntryProvider.kt:52)
03-25 22:32:20.931 11580 11580 E AndroidRuntime: 	at androidx.navigation.compose.NavBackStackEntryProviderKt$LocalOwnersProvider$1.invoke(NavBackStackEntryProvider.kt:51)
03-25 22:32:20.931 11580 11580 E AndroidRuntime: 	at androidx.compose.runtime.internal.ComposableLambdaImpl.invoke(ComposableLambda.jvm.kt:109)
03-25 22:32:20.931 11580 11580 E AndroidRuntime: 	at androidx.compose.runtime.internal.ComposableLambdaImpl.invoke(ComposableLambda.jvm.kt:35)
03-25 22:32:20.931 11580 11580 E AndroidRuntime: 	at androidx.compose.runtime.CompositionLocalKt.CompositionLocalProvider(CompositionLocal.kt:380)
03-25 22:32:20.931 11580 11580 E AndroidRuntime: 	at androidx.navigation.compose.NavBackStackEntryProviderKt.LocalOwnersProvider(NavBackStackEntryProvider.kt:47)
03-25 22:32:20.931 11580 11580 E AndroidRuntime: 	at androidx.navigation.compose.NavHostKt$NavHost$32.invoke(NavHost.kt:702)
03-25 22:32:20.931 11580 11580 E AndroidRuntime: 	at androidx.navigation.compose.NavHostKt$NavHost$32.invoke(NavHost.kt:683)
03-25 22:32:20.933 11580 11580 E AndroidRuntime: 	at androidx.compose.runtime.internal.ComposableLambdaImpl.invoke(ComposableLambda.jvm.kt:139)
03-25 22:32:20.933 11580 11580 E AndroidRuntime: 	at androidx.compose.runtime.internal.ComposableLambdaImpl.invoke(ComposableLambda.jvm.kt:35)
03-25 22:32:20.933 11580 11580 E AndroidRuntime: 	at androidx.compose.animation.AnimatedContentKt$AnimatedContent$6$1$5.invoke(AnimatedContent.kt:803)
03-25 22:32:20.933 11580 11580 E AndroidRuntime: 	at androidx.compose.animation.AnimatedContentKt$AnimatedContent$6$1$5.invoke(AnimatedContent.kt:792)
03-25 22:32:20.933 11580 11580 E AndroidRuntime: 	at androidx.compose.runtime.internal.ComposableLambdaImpl.invoke(ComposableLambda.jvm.kt:118)
03-25 22:32:20.933 11580 11580 E AndroidRuntime: 	at androidx.compose.runtime.internal.ComposableLambdaImpl.invoke(ComposableLambda.jvm.kt:35)
03-25 22:32:20.933 11580 11580 E AndroidRuntime: 	at androidx.compose.animation.AnimatedVisibilityKt.AnimatedEnterExitImpl(AnimatedVisibility.kt:771)
03-25 22:32:20.933 11580 11580 E AndroidRuntime: 	at androidx.compose.animation.AnimatedContentKt$AnimatedContent$6$1.invoke(AnimatedContent.kt:774)
03-25 22:32:20.933 11580 11580 E AndroidRuntime: 	at androidx.compose.animation.AnimatedContentKt$AnimatedContent$6$1.invoke(AnimatedContent.kt:757)
03-25 22:32:20.933 11580 11580 E AndroidRuntime: 	at androidx.compose.runtime.internal.ComposableLambdaImpl.invoke(ComposableLambda.jvm.kt:109)
03-25 22:32:20.933 11580 11580 E AndroidRuntime: 	at androidx.compose.runtime.internal.ComposableLambdaImpl.invoke(ComposableLambda.jvm.kt:35)
03-25 22:32:20.933 11580 11580 E AndroidRuntime: 	at androidx.compose.animation.AnimatedContentKt.AnimatedContent(AnimatedContent.kt:816)
03-25 22:32:20.933 11580 11580 E AndroidRuntime: 	at androidx.navigation.compose.NavHostKt.NavHost(NavHost.kt:655)
03-25 22:32:20.933 11580 11580 E AndroidRuntime: 	at androidx.navigation.compose.NavHostKt$NavHost$34.invoke(Unknown Source:29)
03-25 22:32:20.933 11580 11580 E AndroidRuntime: 	at androidx.navigation.compose.NavHostKt$NavHost$34.invoke(Unknown Source:10)
03-25 22:32:20.933 11580 11580 E AndroidRuntime: 	at androidx.compose.runtime.RecomposeScopeImpl.compose(RecomposeScopeImpl.kt:192)
03-25 22:32:20.933 11580 11580 E AndroidRuntime: 	at androidx.compose.runtime.ComposerImpl.recomposeToGroupEnd(Composer.kt:2825)
03-25 22:32:20.933 11580 11580 E AndroidRuntime: 	at androidx.compose.runtime.ComposerImpl.skipCurrentGroup(Composer.kt:3116)
03-25 22:32:20.933 11580 11580 E AndroidRuntime: 	at androidx.compose.runtime.ComposerImpl.doCompose(Composer.kt:3607)
03-25 22:32:20.933 11580 11580 E AndroidRuntime: 	at androidx.compose.runtime.ComposerImpl.recompose$runtime_release(Composer.kt:3552)
03-25 22:32:20.933 11580 11580 E AndroidRuntime: 	at androidx.compose.runtime.CompositionImpl.recompose(Composition.kt:948)
03-25 22:32:20.933 11580 11580 E AndroidRuntime: 	at androidx.compose.runtime.Recomposer.performRecompose(Recomposer.kt:1206)
03-25 22:32:20.933 11580 11580 E AndroidRuntime: 	at androidx.compose.runtime.Recomposer.access$performRecompose(Recomposer.kt:132)
03-25 22:32:20.933 11580 11580 E AndroidRuntime: 	at androidx.compose.runtime.Recomposer$runRecomposeAndApplyChanges$2$1.invoke(Recomposer.kt:616)
03-25 22:32:20.933 11580 11580 E AndroidRuntime: 	at androidx.compose.runtime.Recomposer$runRecomposeAndApplyChanges$2$1.invoke(Recomposer.kt:585)
03-25 22:32:20.933 11580 11580 E AndroidRuntime: 	at androidx.compose.ui.platform.AndroidUiFrameClock$withFrameNanos$2$callback$1.doFrame(AndroidUiFrameClock.android.kt:41)
03-25 22:32:20.933 11580 11580 E AndroidRuntime: 	at androidx.compose.ui.platform.AndroidUiDispatcher.performFrameDispatch(AndroidUiDispatcher.android.kt:109)
03-25 22:32:20.933 11580 11580 E AndroidRuntime: 	at androidx.compose.ui.platform.AndroidUiDispatcher.access$performFrameDispatch(AndroidUiDispatcher.android.kt:41)
03-25 22:32:20.933 11580 11580 E AndroidRuntime: 	at androidx.compose.ui.platform.AndroidUiDispatcher$dispatchCallback$1.doFrame(AndroidUiDispatcher.android.kt:69)
03-25 22:32:20.933 11580 11580 E AndroidRuntime: 	at android.view.Choreographer$CallbackRecord.run(Choreographer.java:1568)
03-25 22:32:20.933 11580 11580 E AndroidRuntime: 	at android.view.Choreographer$CallbackRecord.run(Choreographer.java:1579)
03-25 22:32:20.933 11580 11580 E AndroidRuntime: 	at android.view.Choreographer.doCallbacks(Choreographer.java:1179)
03-25 22:32:20.933 11580 11580 E AndroidRuntime: 	at android.view.Choreographer.doFrame(Choreographer.java:1104)
03-25 22:32:20.933 11580 11580 E AndroidRuntime: 	at android.view.Choreographer$FrameDisplayEventReceiver.run(Choreographer.java:1553)
03-25 22:32:20.933 11580 11580 E AndroidRuntime: 	at android.os.Handler.handleCallback(Handler.java:995)
03-25 22:32:20.933 11580 11580 E AndroidRuntime: 	at android.os.Handler.dispatchMessage(Handler.java:103)
03-25 22:32:20.933 11580 11580 E AndroidRuntime: 	at android.os.Looper.loopOnce(Looper.java:248)
03-25 22:32:20.933 11580 11580 E AndroidRuntime: 	at android.os.Looper.loop(Looper.java:338)
03-25 22:32:20.933 11580 11580 E AndroidRuntime: 	at android.app.ActivityThread.main(ActivityThread.java:9067)
03-25 22:32:20.933 11580 11580 E AndroidRuntime: 	at java.lang.reflect.Method.invoke(Native Method)
03-25 22:32:20.933 11580 11580 E AndroidRuntime: 	at com.android.internal.os.RuntimeInit$MethodAndArgsCaller.run(RuntimeInit.java:593)
03-25 22:32:20.933 11580 11580 E AndroidRuntime: 	at com.android.internal.os.ZygoteInit.main(ZygoteInit.java:932)
03-25 22:32:20.933 11580 11580 E AndroidRuntime: 	Suppressed: kotlinx.coroutines.internal.DiagnosticCoroutineContextException: [androidx.compose.runtime.PausableMonotonicFrameClock@39bb7db, androidx.compose.ui.platform.MotionDurationScaleImpl@9b43278, StandaloneCoroutine{Cancelling}@9ea3d51, AndroidUiDispatcher@510f9b6]
03-25 22:32:32.181 11647 11647 E AndroidRuntime: FATAL EXCEPTION: main
03-25 22:32:32.181 11647 11647 E AndroidRuntime: Process: com.example.nutritionapp, PID: 11647
03-25 22:32:32.181 11647 11647 E AndroidRuntime: java.lang.NullPointerException: Attempt to invoke interface method 'java.lang.Object kotlinx.coroutines.flow.MutableStateFlow.getValue()' on a null object reference
03-25 22:32:32.181 11647 11647 E AndroidRuntime: 	at com.example.nutritionapp.presentation.search.FoodSearchViewModel.searchFood(FoodSearchViewModel.kt:43)
03-25 22:32:32.181 11647 11647 E AndroidRuntime: 	at com.example.nutritionapp.presentation.search.FoodSearchViewModel.<init>(FoodSearchViewModel.kt:22)
03-25 22:32:32.181 11647 11647 E AndroidRuntime: 	at com.example.nutritionapp.DaggerNutritionApplication_HiltComponents_SingletonC$ViewModelCImpl$SwitchingProvider.get(DaggerNutritionApplication_HiltComponents_SingletonC.java:467)
03-25 22:32:32.181 11647 11647 E AndroidRuntime: 	at dagger.hilt.android.internal.lifecycle.HiltViewModelFactory$2.createViewModel(HiltViewModelFactory.java:132)
03-25 22:32:32.181 11647 11647 E AndroidRuntime: 	at dagger.hilt.android.internal.lifecycle.HiltViewModelFactory$2.create(HiltViewModelFactory.java:103)
03-25 22:32:32.181 11647 11647 E AndroidRuntime: 	at dagger.hilt.android.internal.lifecycle.HiltViewModelFactory.create(HiltViewModelFactory.java:170)
03-25 22:32:32.181 11647 11647 E AndroidRuntime: 	at androidx.lifecycle.ViewModelProvider$Factory.create(ViewModelProvider.android.kt:158)
03-25 22:32:32.181 11647 11647 E AndroidRuntime: 	at androidx.lifecycle.viewmodel.ViewModelProviderImpl_androidKt.createViewModel(ViewModelProviderImpl.android.kt:34)
03-25 22:32:32.181 11647 11647 E AndroidRuntime: 	at androidx.lifecycle.viewmodel.ViewModelProviderImpl.getViewModel$lifecycle_viewmodel_release(ViewModelProviderImpl.kt:65)
03-25 22:32:32.181 11647 11647 E AndroidRuntime: 	at androidx.lifecycle.viewmodel.ViewModelProviderImpl.getViewModel$lifecycle_viewmodel_release$default(ViewModelProviderImpl.kt:47)
03-25 22:32:32.181 11647 11647 E AndroidRuntime: 	at androidx.lifecycle.ViewModelProvider.get(ViewModelProvider.android.kt:91)
03-25 22:32:32.181 11647 11647 E AndroidRuntime: 	at androidx.lifecycle.viewmodel.compose.ViewModelKt__ViewModelKt.get(ViewModel.kt:162)
03-25 22:32:32.181 11647 11647 E AndroidRuntime: 	at androidx.lifecycle.viewmodel.compose.ViewModelKt.get(Unknown Source:1)
03-25 22:32:32.181 11647 11647 E AndroidRuntime: 	at androidx.lifecycle.viewmodel.compose.ViewModelKt__ViewModel_androidKt.viewModel(ViewModel.android.kt:124)
03-25 22:32:32.181 11647 11647 E AndroidRuntime: 	at androidx.lifecycle.viewmodel.compose.ViewModelKt.viewModel(Unknown Source:1)
03-25 22:32:32.181 11647 11647 E AndroidRuntime: 	at com.example.nutritionapp.presentation.search.FoodSearchScreenKt.FoodSearchScreen(FoodSearchScreen.kt:174)
03-25 22:32:32.181 11647 11647 E AndroidRuntime: 	at com.example.nutritionapp.ComposableSingletons$MainActivityKt$lambda-1$1$1$1$2.invoke(MainActivity.kt:36)
03-25 22:32:32.181 11647 11647 E AndroidRuntime: 	at com.example.nutritionapp.ComposableSingletons$MainActivityKt$lambda-1$1$1$1$2.invoke(MainActivity.kt:35)
03-25 22:32:32.181 11647 11647 E AndroidRuntime: 	at androidx.compose.runtime.internal.ComposableLambdaImpl.invoke(ComposableLambda.jvm.kt:139)
03-25 22:32:32.181 11647 11647 E AndroidRuntime: 	at androidx.compose.runtime.internal.ComposableLambdaImpl.invoke(ComposableLambda.jvm.kt:35)
03-25 22:32:32.181 11647 11647 E AndroidRuntime: 	at androidx.navigation.compose.NavHostKt$NavHost$32$1.invoke(NavHost.kt:703)
03-25 22:32:32.181 11647 11647 E AndroidRuntime: 	at androidx.navigation.compose.NavHostKt$NavHost$32$1.invoke(NavHost.kt:702)
03-25 22:32:32.181 11647 11647 E AndroidRuntime: 	at androidx.compose.runtime.internal.ComposableLambdaImpl.invoke(ComposableLambda.jvm.kt:109)
03-25 22:32:32.181 11647 11647 E AndroidRuntime: 	at androidx.compose.runtime.internal.ComposableLambdaImpl.invoke(ComposableLambda.jvm.kt:35)
03-25 22:32:32.181 11647 11647 E AndroidRuntime: 	at androidx.compose.runtime.CompositionLocalKt.CompositionLocalProvider(CompositionLocal.kt:401)
03-25 22:32:32.181 11647 11647 E AndroidRuntime: 	at androidx.compose.runtime.saveable.SaveableStateHolderImpl.SaveableStateProvider(SaveableStateHolder.kt:85)
03-25 22:32:32.181 11647 11647 E AndroidRuntime: 	at androidx.navigation.compose.NavBackStackEntryProviderKt.SaveableStateProvider(NavBackStackEntryProvider.kt:65)
03-25 22:32:32.181 11647 11647 E AndroidRuntime: 	at androidx.navigation.compose.NavBackStackEntryProviderKt.access$SaveableStateProvider(NavBackStackEntryProvider.kt:1)
03-25 22:32:32.181 11647 11647 E AndroidRuntime: 	at androidx.navigation.compose.NavBackStackEntryProviderKt$LocalOwnersProvider$1.invoke(NavBackStackEntryProvider.kt:52)
03-25 22:32:32.181 11647 11647 E AndroidRuntime: 	at androidx.navigation.compose.NavBackStackEntryProviderKt$LocalOwnersProvider$1.invoke(NavBackStackEntryProvider.kt:51)
03-25 22:32:32.181 11647 11647 E AndroidRuntime: 	at androidx.compose.runtime.internal.ComposableLambdaImpl.invoke(ComposableLambda.jvm.kt:109)
03-25 22:32:32.181 11647 11647 E AndroidRuntime: 	at androidx.compose.runtime.internal.ComposableLambdaImpl.invoke(ComposableLambda.jvm.kt:35)
03-25 22:32:32.181 11647 11647 E AndroidRuntime: 	at androidx.compose.runtime.CompositionLocalKt.CompositionLocalProvider(CompositionLocal.kt:380)
03-25 22:32:32.181 11647 11647 E AndroidRuntime: 	at androidx.navigation.compose.NavBackStackEntryProviderKt.LocalOwnersProvider(NavBackStackEntryProvider.kt:47)
03-25 22:32:32.181 11647 11647 E AndroidRuntime: 	at androidx.navigation.compose.NavHostKt$NavHost$32.invoke(NavHost.kt:702)
03-25 22:32:32.181 11647 11647 E AndroidRuntime: 	at androidx.navigation.compose.NavHostKt$NavHost$32.invoke(NavHost.kt:683)
03-25 22:32:32.184 11647 11647 E AndroidRuntime: 	at androidx.compose.runtime.internal.ComposableLambdaImpl.invoke(ComposableLambda.jvm.kt:139)
03-25 22:32:32.184 11647 11647 E AndroidRuntime: 	at androidx.compose.runtime.internal.ComposableLambdaImpl.invoke(ComposableLambda.jvm.kt:35)
03-25 22:32:32.184 11647 11647 E AndroidRuntime: 	at androidx.compose.animation.AnimatedContentKt$AnimatedContent$6$1$5.invoke(AnimatedContent.kt:803)
03-25 22:32:32.184 11647 11647 E AndroidRuntime: 	at androidx.compose.animation.AnimatedContentKt$AnimatedContent$6$1$5.invoke(AnimatedContent.kt:792)
03-25 22:32:32.184 11647 11647 E AndroidRuntime: 	at androidx.compose.runtime.internal.ComposableLambdaImpl.invoke(ComposableLambda.jvm.kt:118)
03-25 22:32:32.184 11647 11647 E AndroidRuntime: 	at androidx.compose.runtime.internal.ComposableLambdaImpl.invoke(ComposableLambda.jvm.kt:35)
03-25 22:32:32.184 11647 11647 E AndroidRuntime: 	at androidx.compose.animation.AnimatedVisibilityKt.AnimatedEnterExitImpl(AnimatedVisibility.kt:771)
03-25 22:32:32.184 11647 11647 E AndroidRuntime: 	at androidx.compose.animation.AnimatedContentKt$AnimatedContent$6$1.invoke(AnimatedContent.kt:774)
03-25 22:32:32.184 11647 11647 E AndroidRuntime: 	at androidx.compose.animation.AnimatedContentKt$AnimatedContent$6$1.invoke(AnimatedContent.kt:757)
03-25 22:32:32.184 11647 11647 E AndroidRuntime: 	at androidx.compose.runtime.internal.ComposableLambdaImpl.invoke(ComposableLambda.jvm.kt:109)
03-25 22:32:32.184 11647 11647 E AndroidRuntime: 	at androidx.compose.runtime.internal.ComposableLambdaImpl.invoke(ComposableLambda.jvm.kt:35)
03-25 22:32:32.184 11647 11647 E AndroidRuntime: 	at androidx.compose.animation.AnimatedContentKt.AnimatedContent(AnimatedContent.kt:816)
03-25 22:32:32.184 11647 11647 E AndroidRuntime: 	at androidx.navigation.compose.NavHostKt.NavHost(NavHost.kt:655)
03-25 22:32:32.184 11647 11647 E AndroidRuntime: 	at androidx.navigation.compose.NavHostKt$NavHost$34.invoke(Unknown Source:29)
03-25 22:32:32.184 11647 11647 E AndroidRuntime: 	at androidx.navigation.compose.NavHostKt$NavHost$34.invoke(Unknown Source:10)
03-25 22:32:32.184 11647 11647 E AndroidRuntime: 	at androidx.compose.runtime.RecomposeScopeImpl.compose(RecomposeScopeImpl.kt:192)
03-25 22:32:32.184 11647 11647 E AndroidRuntime: 	at androidx.compose.runtime.ComposerImpl.recomposeToGroupEnd(Composer.kt:2825)
03-25 22:32:32.184 11647 11647 E AndroidRuntime: 	at androidx.compose.runtime.ComposerImpl.skipCurrentGroup(Composer.kt:3116)
03-25 22:32:32.184 11647 11647 E AndroidRuntime: 	at androidx.compose.runtime.ComposerImpl.doCompose(Composer.kt:3607)
03-25 22:32:32.184 11647 11647 E AndroidRuntime: 	at androidx.compose.runtime.ComposerImpl.recompose$runtime_release(Composer.kt:3552)
03-25 22:32:32.184 11647 11647 E AndroidRuntime: 	at androidx.compose.runtime.CompositionImpl.recompose(Composition.kt:948)
03-25 22:32:32.184 11647 11647 E AndroidRuntime: 	at androidx.compose.runtime.Recomposer.performRecompose(Recomposer.kt:1206)
03-25 22:32:32.184 11647 11647 E AndroidRuntime: 	at androidx.compose.runtime.Recomposer.access$performRecompose(Recomposer.kt:132)
03-25 22:32:32.184 11647 11647 E AndroidRuntime: 	at androidx.compose.runtime.Recomposer$runRecomposeAndApplyChanges$2$1.invoke(Recomposer.kt:616)
03-25 22:32:32.184 11647 11647 E AndroidRuntime: 	at androidx.compose.runtime.Recomposer$runRecomposeAndApplyChanges$2$1.invoke(Recomposer.kt:585)
03-25 22:32:32.184 11647 11647 E AndroidRuntime: 	at androidx.compose.ui.platform.AndroidUiFrameClock$withFrameNanos$2$callback$1.doFrame(AndroidUiFrameClock.android.kt:41)
03-25 22:32:32.184 11647 11647 E AndroidRuntime: 	at androidx.compose.ui.platform.AndroidUiDispatcher.performFrameDispatch(AndroidUiDispatcher.android.kt:109)
03-25 22:32:32.184 11647 11647 E AndroidRuntime: 	at androidx.compose.ui.platform.AndroidUiDispatcher.access$performFrameDispatch(AndroidUiDispatcher.android.kt:41)
03-25 22:32:32.184 11647 11647 E AndroidRuntime: 	at androidx.compose.ui.platform.AndroidUiDispatcher$dispatchCallback$1.doFrame(AndroidUiDispatcher.android.kt:69)
03-25 22:32:32.184 11647 11647 E AndroidRuntime: 	at android.view.Choreographer$CallbackRecord.run(Choreographer.java:1568)
03-25 22:32:32.184 11647 11647 E AndroidRuntime: 	at android.view.Choreographer$CallbackRecord.run(Choreographer.java:1579)
03-25 22:32:32.184 11647 11647 E AndroidRuntime: 	at android.view.Choreographer.doCallbacks(Choreographer.java:1179)
03-25 22:32:32.184 11647 11647 E AndroidRuntime: 	at android.view.Choreographer.doFrame(Choreographer.java:1104)
03-25 22:32:32.184 11647 11647 E AndroidRuntime: 	at android.view.Choreographer$FrameDisplayEventReceiver.run(Choreographer.java:1553)
03-25 22:32:32.184 11647 11647 E AndroidRuntime: 	at android.os.Handler.handleCallback(Handler.java:995)
03-25 22:32:32.184 11647 11647 E AndroidRuntime: 	at android.os.Handler.dispatchMessage(Handler.java:103)
03-25 22:32:32.184 11647 11647 E AndroidRuntime: 	at android.os.Looper.loopOnce(Looper.java:248)
03-25 22:32:32.184 11647 11647 E AndroidRuntime: 	at android.os.Looper.loop(Looper.java:338)
03-25 22:32:32.184 11647 11647 E AndroidRuntime: 	at android.app.ActivityThread.main(ActivityThread.java:9067)
03-25 22:32:32.184 11647 11647 E AndroidRuntime: 	at java.lang.reflect.Method.invoke(Native Method)
03-25 22:32:32.184 11647 11647 E AndroidRuntime: 	at com.android.internal.os.RuntimeInit$MethodAndArgsCaller.run(RuntimeInit.java:593)
03-25 22:32:32.184 11647 11647 E AndroidRuntime: 	at com.android.internal.os.ZygoteInit.main(ZygoteInit.java:932)
03-25 22:32:32.184 11647 11647 E AndroidRuntime: 	Suppressed: kotlinx.coroutines.internal.DiagnosticCoroutineContextException: [androidx.compose.runtime.PausableMonotonicFrameClock@caa098c, androidx.compose.ui.platform.MotionDurationScaleImpl@196e8d5, StandaloneCoroutine{Cancelling}@1f038ea, AndroidUiDispatcher@39bb7db]
